<?xml version="1.0" encoding="UTF-8"?>
<testsuite xmlns:xsi="http://www.w3.org/2001/XMLSchema-instance" xsi:noNamespaceSchemaLocation="https://maven.apache.org/surefire/maven-surefire-plugin/xsd/surefire-test-report-3.0.xsd" version="3.0" name="TestUnifier" time="0.066" tests="7" errors="0" skipped="0" failures="0">
  <properties>
    <property name="java.specification.version" value="17"/>
    <property name="sun.cpu.isalist" value="amd64"/>
    <property name="sun.jnu.encoding" value="Cp1252"/>
    <property name="java.class.path" value="C:\Users\Kevin Blischke\OneDrive\Desktop\IT\Projects\litie-ris-converter\converter\target\test-classes;C:\Users\Kevin Blischke\OneDrive\Desktop\IT\Projects\litie-ris-converter\converter\target\classes;C:\Users\Kevin Blischke\.m2\repository\org\junit\jupiter\junit-jupiter\5.10.0\junit-jupiter-5.10.0.jar;C:\Users\Kevin Blischke\.m2\repository\org\junit\jupiter\junit-jupiter-api\5.10.0\junit-jupiter-api-5.10.0.jar;C:\Users\Kevin Blischke\.m2\repository\org\opentest4j\opentest4j\1.3.0\opentest4j-1.3.0.jar;C:\Users\Kevin Blischke\.m2\repository\org\junit\platform\junit-platform-commons\1.10.0\junit-platform-commons-1.10.0.jar;C:\Users\Kevin Blischke\.m2\repository\org\apiguardian\apiguardian-api\1.1.2\apiguardian-api-1.1.2.jar;C:\Users\Kevin Blischke\.m2\repository\org\junit\jupiter\junit-jupiter-params\5.10.0\junit-jupiter-params-5.10.0.jar;C:\Users\Kevin Blischke\.m2\repository\org\junit\jupiter\junit-jupiter-engine\5.10.0\junit-jupiter-engine-5.10.0.jar;C:\Users\Kevin Blischke\.m2\repository\org\junit\platform\junit-platform-engine\1.10.0\junit-platform-engine-1.10.0.jar;"/>
    <property name="java.vm.vendor" value="Eclipse Adoptium"/>
    <property name="sun.arch.data.model" value="64"/>
    <property name="user.variant" value=""/>
    <property name="java.vendor.url" value="https://adoptium.net/"/>
    <property name="user.timezone" value="Europe/Berlin"/>
    <property name="user.country.format" value="DE"/>
    <property name="os.name" value="Windows 11"/>
    <property name="java.vm.specification.version" value="17"/>
    <property name="sun.java.launcher" value="SUN_STANDARD"/>
    <property name="user.country" value="GB"/>
    <property name="sun.boot.library.path" value="C:\Program Files\Java\jdk-17.0.9.9-hotspot\bin"/>
    <property name="sun.java.command" value="C:\Users\Kevin Blischke\AppData\Local\Temp\surefire17167296567234019233\surefirebooter-20240416113417011_3.jar C:\Users\Kevin Blischke\AppData\Local\Temp\surefire17167296567234019233 2024-04-16T11-34-16_005-jvmRun1 surefire-20240416113417011_1tmp surefire_0-20240416113417011_2tmp"/>
    <property name="jdk.debug" value="release"/>
    <property name="surefire.test.class.path" value="C:\Users\Kevin Blischke\OneDrive\Desktop\IT\Projects\litie-ris-converter\converter\target\test-classes;C:\Users\Kevin Blischke\OneDrive\Desktop\IT\Projects\litie-ris-converter\converter\target\classes;C:\Users\Kevin Blischke\.m2\repository\org\junit\jupiter\junit-jupiter\5.10.0\junit-jupiter-5.10.0.jar;C:\Users\Kevin Blischke\.m2\repository\org\junit\jupiter\junit-jupiter-api\5.10.0\junit-jupiter-api-5.10.0.jar;C:\Users\Kevin Blischke\.m2\repository\org\opentest4j\opentest4j\1.3.0\opentest4j-1.3.0.jar;C:\Users\Kevin Blischke\.m2\repository\org\junit\platform\junit-platform-commons\1.10.0\junit-platform-commons-1.10.0.jar;C:\Users\Kevin Blischke\.m2\repository\org\apiguardian\apiguardian-api\1.1.2\apiguardian-api-1.1.2.jar;C:\Users\Kevin Blischke\.m2\repository\org\junit\jupiter\junit-jupiter-params\5.10.0\junit-jupiter-params-5.10.0.jar;C:\Users\Kevin Blischke\.m2\repository\org\junit\jupiter\junit-jupiter-engine\5.10.0\junit-jupiter-engine-5.10.0.jar;C:\Users\Kevin Blischke\.m2\repository\org\junit\platform\junit-platform-engine\1.10.0\junit-platform-engine-1.10.0.jar;"/>
    <property name="sun.cpu.endian" value="little"/>
    <property name="user.home" value="C:\Users\Kevin Blischke"/>
    <property name="user.language" value="en"/>
    <property name="java.specification.vendor" value="Oracle Corporation"/>
    <property name="java.version.date" value="2023-10-17"/>
    <property name="java.home" value="C:\Program Files\Java\jdk-17.0.9.9-hotspot"/>
    <property name="file.separator" value="\"/>
    <property name="basedir" value="C:\Users\Kevin Blischke\OneDrive\Desktop\IT\Projects\litie-ris-converter\converter"/>
    <property name="java.vm.compressedOopsMode" value="32-bit"/>
    <property name="line.separator" value="&#10;"/>
    <property name="java.vm.specification.vendor" value="Oracle Corporation"/>
    <property name="java.specification.name" value="Java Platform API Specification"/>
    <property name="surefire.real.class.path" value="C:\Users\Kevin Blischke\AppData\Local\Temp\surefire17167296567234019233\surefirebooter-20240416113417011_3.jar"/>
    <property name="user.script" value=""/>
    <property name="sun.management.compiler" value="HotSpot 64-Bit Tiered Compilers"/>
    <property name="java.runtime.version" value="17.0.9+9"/>
    <property name="user.name" value="Kevin Blischke"/>
    <property name="path.separator" value=";"/>
    <property name="os.version" value="10.0"/>
    <property name="java.runtime.name" value="OpenJDK Runtime Environment"/>
    <property name="file.encoding" value="Cp1252"/>
    <property name="java.vm.name" value="OpenJDK 64-Bit Server VM"/>
    <property name="java.vendor.version" value="Temurin-17.0.9+9"/>
    <property name="localRepository" value="C:\Users\Kevin Blischke\.m2\repository"/>
    <property name="java.vendor.url.bug" value="https://github.com/adoptium/adoptium-support/issues"/>
    <property name="java.io.tmpdir" value="C:\Users\KEVINB~1\AppData\Local\Temp\"/>
    <property name="java.version" value="17.0.9"/>
    <property name="user.dir" value="C:\Users\Kevin Blischke\OneDrive\Desktop\IT\Projects\litie-ris-converter\converter"/>
    <property name="os.arch" value="amd64"/>
    <property name="java.vm.specification.name" value="Java Virtual Machine Specification"/>
    <property name="user.language.format" value="de"/>
    <property name="sun.os.patch.level" value=""/>
    <property name="native.encoding" value="Cp1252"/>
    <property name="java.library.path" value="C:\Program Files\Java\jdk-17.0.9.9-hotspot\bin;C:\WINDOWS\Sun\Java\bin;C:\WINDOWS\system32;C:\WINDOWS;C:\Program Files\PowerShell\7;C:\Program Files\texlive\2023\bin\windows;C:\Program Files\Java\jdk-17.0.9.9-hotspot\bin;C:\Program Files\Java\jdk-21.0.0.35-hotspot\bin;C:\Program Files (x86)\Common Files\Oracle\Java\javapath;c:\Program Files (x86)\Intel\iCLS Client\;c:\Program Files\Intel\iCLS Client\;C:\WINDOWS\system32;C:\WINDOWS;C:\WINDOWS\System32\Wbem;C:\WINDOWS\System32\WindowsPowerShell\v1.0\;C:\WINDOWS\System32\OpenSSH\;c:\Program Files (x86)\Intel\Intel(R) Management Engine Components\DAL;c:\Program Files\Intel\Intel(R) Management Engine Components\DAL;c:\Program Files (x86)\Intel\Intel(R) Management Engine Components\IPT;c:\Program Files\Intel\Intel(R) Management Engine Components\IPT;C:\Program Files\dotnet\;C:\Program Files (x86)\QuickTime\QTSystem\;C:\Program Files\GitHub CLI\;C:\Program Files\sqlite;C:\Program Files\LOVE;C:\msys64\mingw64\bin;C:\Program Files\Git\cmd;_JAVA_AWT_WM_NONREPARENTING=1;C:\Program Files\Microsoft SQL Server\150\Tools\Binn\;C:\Program Files\Lua\bin;C:\Program Files\Lua\Luarocks;C:\Program Files\Go\bin;C:\Program Files\Maven\bin;C:\Strawberry\c\bin;C:\Strawberry\perl\site\bin;C:\Strawberry\perl\bin;C:\Program Files\MiKTeX\miktex\bin\x64\;C:\Program Files\PowerShell\7\;C:\Program Files\CMake\bin;C:\Program Files (x86)\Windows Kits\10\Windows Performance Toolkit\;C:\Libraries\SFML-2.6.1\bin;C:\Users\Kevin Blischke\AppData\Local\Programs\Python\Python312\Scripts\;C:\Users\Kevin Blischke\AppData\Local\Programs\Python\Python312\;C:\Ruby32-x64\bin;C:\Users\Kevin Blischke\AppData\Local\Programs\Python\Python311\Scripts\;C:\Users\Kevin Blischke\AppData\Local\Programs\Python\Python311\;C:\Users\Kevin Blischke\AppData\Local\Microsoft\WindowsApps;C:\Users\Kevin Blischke\.dotnet\tools;C:\Users\Kevin Blischke\AppData\Local\bin\NASM;C:\Program Files\Neovim\bin;C:\Users\Kevin Blischke\AppData\Local\Microsoft\WinGet\Packages\BurntSushi.ripgrep.MSVC_Microsoft.Winget.Source_8wekyb3d8bbwe\ripgrep-13.0.0-x86_64-pc-windows-msvc;C:\Users\Kevin Blischke\go\bin;C:\Users\Kevin Blischke\AppData\Local\Programs\Microsoft VS Code\bin;;."/>
    <property name="java.vm.info" value="mixed mode, sharing"/>
    <property name="java.vendor" value="Eclipse Adoptium"/>
    <property name="java.vm.version" value="17.0.9+9"/>
    <property name="sun.io.unicode.encoding" value="UnicodeLittle"/>
    <property name="java.class.version" value="61.0"/>
  </properties>
  <testcase name="testUnifyPipeDelimiter" classname="TestUnifier" time="0.0"/>
  <testcase name="testUnify030" classname="TestUnifier" time="0.002"/>
  <testcase name="testUnify100" classname="TestUnifier" time="0.002"/>
  <testcase name="testUnify21E" classname="TestUnifier" time="0.003"/>
  <testcase name="testUnify411" classname="TestUnifier" time="0.002"/>
  <testcase name="testUnify700" classname="TestUnifier" time="0.004"/>
  <testcase name="testUnifyAll" classname="TestUnifier" time="0.028"/>
</testsuite>